# JRE version: Java(TM) SE Runtime Environment (17.0.12+8) (build 17.0.12+8-LTS-286)
# Java VM: Java HotSpot(TM) 64-Bit Server VM (17.0.12+8-LTS-286, mixed mode, sharing, tiered, compressed oops, compressed class ptrs, g1 gc, windows-amd64)
GC Precious Log:
 CPUs: 4 total, 4 available
 Memory: 7886M
 Large Page Support: Disabled
 NUMA Support: Disabled
 Compressed Oops: Enabled (32-bit)
 Heap Region Size: 1M
 Heap Min Capacity: 8M
 Heap Initial Capacity: 124M
 Heap Max Capacity: 1972M
 Pre-touch: Disabled
 Parallel Workers: 4
 Concurrent Workers: 1
 Concurrent Refinement Workers: 4
 Periodic GC: Disabled
Heap:
 garbage-first heap   total 128000K, used 77044K [0x0000000084c00000, 0x0000000100000000)
  region size 1024K, 25 young (25600K), 5 survivors (5120K)
 Metaspace       used 101613K, committed 102592K, reserved 1179648K
  class space    used 13853K, committed 14336K, reserved 1048576K
GC Heap History (20 events):
Event: 28.023 GC heap before
{Heap before GC invocations=47 (full 0):
 garbage-first heap   total 106496K, used 77996K [0x0000000084c00000, 0x0000000100000000)
  region size 1024K, 23 young (23552K), 4 survivors (4096K)
 Metaspace       used 83913K, committed 84608K, reserved 1179648K
  class space    used 11525K, committed 11840K, reserved 1048576K
}
Event: 28.030 GC heap after
{Heap after GC invocations=48 (full 0):
 garbage-first heap   total 106496K, used 59392K [0x0000000084c00000, 0x0000000100000000)
  region size 1024K, 1 young (1024K), 1 survivors (1024K)
 Metaspace       used 83913K, committed 84608K, reserved 1179648K
  class space    used 11525K, committed 11840K, reserved 1048576K
}
Event: 28.175 GC heap before
{Heap before GC invocations=48 (full 0):
 garbage-first heap   total 106496K, used 63488K [0x0000000084c00000, 0x0000000100000000)
  region size 1024K, 5 young (5120K), 1 survivors (1024K)
 Metaspace       used 84440K, committed 85120K, reserved 1179648K
  class space    used 11599K, committed 11904K, reserved 1048576K
}
Event: 28.182 GC heap after
{Heap after GC invocations=49 (full 0):
 garbage-first heap   total 106496K, used 59578K [0x0000000084c00000, 0x0000000100000000)
  region size 1024K, 1 young (1024K), 1 survivors (1024K)
 Metaspace       used 84440K, committed 85120K, reserved 1179648K
  class space    used 11599K, committed 11904K, reserved 1048576K
}
Event: 29.689 GC heap before
{Heap before GC invocations=49 (full 0):
 garbage-first heap   total 106496K, used 83130K [0x0000000084c00000, 0x0000000100000000)
  region size 1024K, 24 young (24576K), 1 survivors (1024K)
 Metaspace       used 86153K, committed 86784K, reserved 1179648K
  class space    used 11820K, committed 12160K, reserved 1048576K
}
Event: 29.695 GC heap after
{Heap after GC invocations=50 (full 0):
 garbage-first heap   total 106496K, used 61329K [0x0000000084c00000, 0x0000000100000000)
  region size 1024K, 3 young (3072K), 3 survivors (3072K)
 Metaspace       used 86153K, committed 86784K, reserved 1179648K
  class space    used 11820K, committed 12160K, reserved 1048576K
}
Event: 30.608 GC heap before
{Heap before GC invocations=50 (full 0):
 garbage-first heap   total 106496K, used 84881K [0x0000000084c00000, 0x0000000100000000)
  region size 1024K, 26 young (26624K), 3 survivors (3072K)
 Metaspace       used 86905K, committed 87552K, reserved 1179648K
  class space    used 11918K, committed 12224K, reserved 1048576K
}
Event: 30.613 GC heap after
{Heap after GC invocations=51 (full 0):
 garbage-first heap   total 106496K, used 62571K [0x0000000084c00000, 0x0000000100000000)
  region size 1024K, 4 young (4096K), 4 survivors (4096K)
 Metaspace       used 86905K, committed 87552K, reserved 1179648K
  class space    used 11918K, committed 12224K, reserved 1048576K
}
Event: 31.839 GC heap before
{Heap before GC invocations=51 (full 0):
 garbage-first heap   total 106496K, used 85099K [0x0000000084c00000, 0x0000000100000000)
  region size 1024K, 27 young (27648K), 4 survivors (4096K)
 Metaspace       used 87597K, committed 88256K, reserved 1179648K
  class space    used 12043K, committed 12352K, reserved 1048576K
}
Event: 31.848 GC heap after
{Heap after GC invocations=52 (full 0):
 garbage-first heap   total 106496K, used 63742K [0x0000000084c00000, 0x0000000100000000)
  region size 1024K, 3 young (3072K), 3 survivors (3072K)
 Metaspace       used 87597K, committed 88256K, reserved 1179648K
  class space    used 12043K, committed 12352K, reserved 1048576K
}
Event: 32.462 GC heap before
{Heap before GC invocations=52 (full 0):
 garbage-first heap   total 106496K, used 87294K [0x0000000084c00000, 0x0000000100000000)
  region size 1024K, 26 young (26624K), 3 survivors (3072K)
 Metaspace       used 88747K, committed 89472K, reserved 1179648K
  class space    used 12218K, committed 12544K, reserved 1048576K
}
Event: 32.468 GC heap after
{Heap after GC invocations=53 (full 0):
 garbage-first heap   total 106496K, used 65276K [0x0000000084c00000, 0x0000000100000000)
  region size 1024K, 3 young (3072K), 3 survivors (3072K)
 Metaspace       used 88747K, committed 89472K, reserved 1179648K
  class space    used 12218K, committed 12544K, reserved 1048576K
}
Event: 33.303 GC heap before
{Heap before GC invocations=54 (full 0):
 garbage-first heap   total 106496K, used 79612K [0x0000000084c00000, 0x0000000100000000)
  region size 1024K, 25 young (25600K), 3 survivors (3072K)
 Metaspace       used 89511K, committed 90176K, reserved 1179648K
  class space    used 12301K, committed 12608K, reserved 1048576K
}
Event: 33.311 GC heap after
{Heap after GC invocations=55 (full 0):
 garbage-first heap   total 106496K, used 58270K [0x0000000084c00000, 0x0000000100000000)
  region size 1024K, 3 young (3072K), 3 survivors (3072K)
 Metaspace       used 89511K, committed 90176K, reserved 1179648K
  class space    used 12301K, committed 12608K, reserved 1048576K
}
Event: 33.415 GC heap before
{Heap before GC invocations=55 (full 0):
 garbage-first heap   total 106496K, used 60318K [0x0000000084c00000, 0x0000000100000000)
  region size 1024K, 5 young (5120K), 3 survivors (3072K)
 Metaspace       used 89591K, committed 90304K, reserved 1179648K
  class space    used 12315K, committed 12672K, reserved 1048576K
}
Event: 33.421 GC heap after
{Heap after GC invocations=56 (full 0):
 garbage-first heap   total 128000K, used 54039K [0x0000000084c00000, 0x0000000100000000)
  region size 1024K, 1 young (1024K), 1 survivors (1024K)
 Metaspace       used 89591K, committed 90304K, reserved 1179648K
  class space    used 12315K, committed 12672K, reserved 1048576K
}
Event: 46.086 GC heap before
{Heap before GC invocations=56 (full 0):
 garbage-first heap   total 128000K, used 102167K [0x0000000084c00000, 0x0000000100000000)
  region size 1024K, 48 young (49152K), 1 survivors (1024K)
 Metaspace       used 93490K, committed 94336K, reserved 1179648K
  class space    used 12898K, committed 13312K, reserved 1048576K
}
Event: 46.092 GC heap after
{Heap after GC invocations=57 (full 0):
 garbage-first heap   total 128000K, used 56020K [0x0000000084c00000, 0x0000000100000000)
  region size 1024K, 3 young (3072K), 3 survivors (3072K)
 Metaspace       used 93490K, committed 94336K, reserved 1179648K
  class space    used 12898K, committed 13312K, reserved 1048576K
}
Event: 153.586 GC heap before
{Heap before GC invocations=57 (full 0):
 garbage-first heap   total 128000K, used 102100K [0x0000000084c00000, 0x0000000100000000)
  region size 1024K, 49 young (50176K), 3 survivors (3072K)
 Metaspace       used 99902K, committed 100736K, reserved 1179648K
  class space    used 13670K, committed 14080K, reserved 1048576K
}
Event: 153.596 GC heap after
{Heap after GC invocations=58 (full 0):
 garbage-first heap   total 128000K, used 58612K [0x0000000084c00000, 0x0000000100000000)
  region size 1024K, 5 young (5120K), 5 survivors (5120K)
 Metaspace       used 99902K, committed 100736K, reserved 1179648K
  class space    used 13670K, committed 14080K, reserved 1048576K
}

