# JRE version: OpenJDK Runtime Environment Temurin-21.0.6+7 (21.0.6+7) (build 21.0.6+7-LTS)
# Java VM: OpenJDK 64-Bit Server VM Temurin-21.0.6+7 (21.0.6+7-LTS, mixed mode, sharing, tiered, compressed oops, compressed class ptrs, parallel gc, windows-amd64)
GC Precious Log:
 CardTable entry size: 512
 CPUs: 4 total, 4 available
 Memory: 7886M
 Large Page Support: Disabled
 NUMA Support: Disabled
 Compressed Oops: Enabled (32-bit)
 Alignments: Space 512K, Generation 512K, Heap 2M
 Heap Min Capacity: 100M
 Heap Initial Capacity: 100M
 Heap Max Capacity: 1G
 Pre-touch: Disabled
 Parallel Workers: 4
Heap:
 PSYoungGen      total 5120K, used 2135K [0x00000000eab00000, 0x00000000eb100000, 0x0000000100000000)
  eden space 4608K, 38% used [0x00000000eab00000,0x00000000eacb5d40,0x00000000eaf80000)
  from space 512K, 75% used [0x00000000eb000000,0x00000000eb060020,0x00000000eb080000)
  to   space 512K, 0% used [0x00000000eb080000,0x00000000eb080000,0x00000000eb100000)
 ParOldGen       total 493568K, used 493479K [0x00000000c0000000, 0x00000000de200000, 0x00000000eab00000)
  object space 493568K, 99% used [0x00000000c0000000,0x00000000de1e9d20,0x00000000de200000)
 Metaspace       used 77510K, committed 79168K, reserved 1179648K
  class space    used 7727K, committed 8448K, reserved 1048576K
GC Heap History (20 events):
Event: 408.904 GC heap before
{Heap before GC invocations=1665 (full 4):
 PSYoungGen      total 3072K, used 2816K [0x00000000eab00000, 0x00000000eaf80000, 0x0000000100000000)
  eden space 2560K, 100% used [0x00000000eab00000,0x00000000ead80000,0x00000000ead80000)
  from space 512K, 50% used [0x00000000eae80000,0x00000000eaec0000,0x00000000eaf00000)
  to   space 512K, 0% used [0x00000000eaf00000,0x00000000eaf00000,0x00000000eaf80000)
 ParOldGen       total 483840K, used 483343K [0x00000000c0000000, 0x00000000dd880000, 0x00000000eab00000)
  object space 483840K, 99% used [0x00000000c0000000,0x00000000dd803fe8,0x00000000dd880000)
 Metaspace       used 77408K, committed 79104K, reserved 1179648K
  class space    used 7714K, committed 8448K, reserved 1048576K
}
Event: 408.906 GC heap after
{Heap after GC invocations=1665 (full 4):
 PSYoungGen      total 3584K, used 448K [0x00000000eab00000, 0x00000000eaf80000, 0x0000000100000000)
  eden space 3072K, 0% used [0x00000000eab00000,0x00000000eab00000,0x00000000eae00000)
  from space 512K, 87% used [0x00000000eaf00000,0x00000000eaf70000,0x00000000eaf80000)
  to   space 512K, 0% used [0x00000000eae80000,0x00000000eae80000,0x00000000eaf00000)
 ParOldGen       total 483840K, used 483520K [0x00000000c0000000, 0x00000000dd880000, 0x00000000eab00000)
  object space 483840K, 99% used [0x00000000c0000000,0x00000000dd830008,0x00000000dd880000)
 Metaspace       used 77408K, committed 79104K, reserved 1179648K
  class space    used 7714K, committed 8448K, reserved 1048576K
}
Event: 408.912 GC heap before
{Heap before GC invocations=1666 (full 4):
 PSYoungGen      total 3584K, used 3237K [0x00000000eab00000, 0x00000000eaf80000, 0x0000000100000000)
  eden space 3072K, 90% used [0x00000000eab00000,0x00000000eadb9710,0x00000000eae00000)
  from space 512K, 87% used [0x00000000eaf00000,0x00000000eaf70000,0x00000000eaf80000)
  to   space 512K, 0% used [0x00000000eae80000,0x00000000eae80000,0x00000000eaf00000)
 ParOldGen       total 483840K, used 483520K [0x00000000c0000000, 0x00000000dd880000, 0x00000000eab00000)
  object space 483840K, 99% used [0x00000000c0000000,0x00000000dd830008,0x00000000dd880000)
 Metaspace       used 77411K, committed 79104K, reserved 1179648K
  class space    used 7714K, committed 8448K, reserved 1048576K
}
Event: 408.914 GC heap after
{Heap after GC invocations=1666 (full 4):
 PSYoungGen      total 4096K, used 501K [0x00000000eab00000, 0x00000000eb300000, 0x0000000100000000)
  eden space 3584K, 0% used [0x00000000eab00000,0x00000000eab00000,0x00000000eae80000)
  from space 512K, 98% used [0x00000000eae80000,0x00000000eaefd750,0x00000000eaf00000)
  to   space 2048K, 0% used [0x00000000eb100000,0x00000000eb100000,0x00000000eb300000)
 ParOldGen       total 484864K, used 484419K [0x00000000c0000000, 0x00000000dd980000, 0x00000000eab00000)
  object space 484864K, 99% used [0x00000000c0000000,0x00000000dd910ce0,0x00000000dd980000)
 Metaspace       used 77411K, committed 79104K, reserved 1179648K
  class space    used 7714K, committed 8448K, reserved 1048576K
}
Event: 408.920 GC heap before
{Heap before GC invocations=1667 (full 4):
 PSYoungGen      total 4096K, used 4085K [0x00000000eab00000, 0x00000000eb300000, 0x0000000100000000)
  eden space 3584K, 100% used [0x00000000eab00000,0x00000000eae80000,0x00000000eae80000)
  from space 512K, 98% used [0x00000000eae80000,0x00000000eaefd750,0x00000000eaf00000)
  to   space 2048K, 0% used [0x00000000eb100000,0x00000000eb100000,0x00000000eb300000)
 ParOldGen       total 484864K, used 484419K [0x00000000c0000000, 0x00000000dd980000, 0x00000000eab00000)
  object space 484864K, 99% used [0x00000000c0000000,0x00000000dd910ce0,0x00000000dd980000)
 Metaspace       used 77411K, committed 79104K, reserved 1179648K
  class space    used 7714K, committed 8448K, reserved 1048576K
}
Event: 408.923 GC heap after
{Heap after GC invocations=1667 (full 4):
 PSYoungGen      total 4096K, used 2047K [0x00000000eab00000, 0x00000000eb780000, 0x0000000100000000)
  eden space 2048K, 0% used [0x00000000eab00000,0x00000000eab00000,0x00000000ead00000)
  from space 2048K, 99% used [0x00000000eb100000,0x00000000eb2ffc90,0x00000000eb300000)
  to   space 4096K, 0% used [0x00000000ead00000,0x00000000ead00000,0x00000000eb100000)
 ParOldGen       total 486400K, used 485943K [0x00000000c0000000, 0x00000000ddb00000, 0x00000000eab00000)
  object space 486400K, 99% used [0x00000000c0000000,0x00000000dda8dfa0,0x00000000ddb00000)
 Metaspace       used 77411K, committed 79104K, reserved 1179648K
  class space    used 7714K, committed 8448K, reserved 1048576K
}
Event: 408.926 GC heap before
{Heap before GC invocations=1668 (full 4):
 PSYoungGen      total 4096K, used 4095K [0x00000000eab00000, 0x00000000eb780000, 0x0000000100000000)
  eden space 2048K, 99% used [0x00000000eab00000,0x00000000eacfffd0,0x00000000ead00000)
  from space 2048K, 99% used [0x00000000eb100000,0x00000000eb2ffc90,0x00000000eb300000)
  to   space 4096K, 0% used [0x00000000ead00000,0x00000000ead00000,0x00000000eb100000)
 ParOldGen       total 486400K, used 485943K [0x00000000c0000000, 0x00000000ddb00000, 0x00000000eab00000)
  object space 486400K, 99% used [0x00000000c0000000,0x00000000dda8dfa0,0x00000000ddb00000)
 Metaspace       used 77411K, committed 79104K, reserved 1179648K
  class space    used 7714K, committed 8448K, reserved 1048576K
}
Event: 408.928 GC heap after
{Heap after GC invocations=1668 (full 4):
 PSYoungGen      total 4096K, used 1713K [0x00000000eab00000, 0x00000000eb280000, 0x0000000100000000)
  eden space 2048K, 0% used [0x00000000eab00000,0x00000000eab00000,0x00000000ead00000)
  from space 2048K, 83% used [0x00000000ead00000,0x00000000eaeac720,0x00000000eaf00000)
  to   space 2560K, 0% used [0x00000000eb000000,0x00000000eb000000,0x00000000eb280000)
 ParOldGen       total 488448K, used 487995K [0x00000000c0000000, 0x00000000ddd00000, 0x00000000eab00000)
  object space 488448K, 99% used [0x00000000c0000000,0x00000000ddc8ee78,0x00000000ddd00000)
 Metaspace       used 77411K, committed 79104K, reserved 1179648K
  class space    used 7714K, committed 8448K, reserved 1048576K
}
Event: 408.933 GC heap before
{Heap before GC invocations=1669 (full 4):
 PSYoungGen      total 4096K, used 3714K [0x00000000eab00000, 0x00000000eb280000, 0x0000000100000000)
  eden space 2048K, 97% used [0x00000000eab00000,0x00000000eacf4280,0x00000000ead00000)
  from space 2048K, 83% used [0x00000000ead00000,0x00000000eaeac720,0x00000000eaf00000)
  to   space 2560K, 0% used [0x00000000eb000000,0x00000000eb000000,0x00000000eb280000)
 ParOldGen       total 488448K, used 487995K [0x00000000c0000000, 0x00000000ddd00000, 0x00000000eab00000)
  object space 488448K, 99% used [0x00000000c0000000,0x00000000ddc8ee78,0x00000000ddd00000)
 Metaspace       used 77411K, committed 79104K, reserved 1179648K
  class space    used 7714K, committed 8448K, reserved 1048576K
}
Event: 408.935 GC heap after
{Heap after GC invocations=1669 (full 4):
 PSYoungGen      total 4608K, used 1669K [0x00000000eab00000, 0x00000000eb200000, 0x0000000100000000)
  eden space 2560K, 0% used [0x00000000eab00000,0x00000000eab00000,0x00000000ead80000)
  from space 2048K, 81% used [0x00000000eb000000,0x00000000eb1a16e0,0x00000000eb200000)
  to   space 2048K, 0% used [0x00000000eae00000,0x00000000eae00000,0x00000000eb000000)
 ParOldGen       total 489984K, used 489592K [0x00000000c0000000, 0x00000000dde80000, 0x00000000eab00000)
  object space 489984K, 99% used [0x00000000c0000000,0x00000000dde1e158,0x00000000dde80000)
 Metaspace       used 77411K, committed 79104K, reserved 1179648K
  class space    used 7714K, committed 8448K, reserved 1048576K
}
Event: 408.948 GC heap before
{Heap before GC invocations=1670 (full 4):
 PSYoungGen      total 4608K, used 4229K [0x00000000eab00000, 0x00000000eb200000, 0x0000000100000000)
  eden space 2560K, 100% used [0x00000000eab00000,0x00000000ead80000,0x00000000ead80000)
  from space 2048K, 81% used [0x00000000eb000000,0x00000000eb1a16e0,0x00000000eb200000)
  to   space 2048K, 0% used [0x00000000eae00000,0x00000000eae00000,0x00000000eb000000)
 ParOldGen       total 489984K, used 489592K [0x00000000c0000000, 0x00000000dde80000, 0x00000000eab00000)
  object space 489984K, 99% used [0x00000000c0000000,0x00000000dde1e158,0x00000000dde80000)
 Metaspace       used 77421K, committed 79104K, reserved 1179648K
  class space    used 7714K, committed 8448K, reserved 1048576K
}
Event: 408.950 GC heap after
{Heap after GC invocations=1670 (full 4):
 PSYoungGen      total 4608K, used 1154K [0x00000000eab00000, 0x00000000eb100000, 0x0000000100000000)
  eden space 3072K, 0% used [0x00000000eab00000,0x00000000eab00000,0x00000000eae00000)
  from space 1536K, 75% used [0x00000000eae00000,0x00000000eaf20990,0x00000000eaf80000)
  to   space 1536K, 0% used [0x00000000eaf80000,0x00000000eaf80000,0x00000000eb100000)
 ParOldGen       total 491520K, used 491195K [0x00000000c0000000, 0x00000000de000000, 0x00000000eab00000)
  object space 491520K, 99% used [0x00000000c0000000,0x00000000ddfaed60,0x00000000de000000)
 Metaspace       used 77421K, committed 79104K, reserved 1179648K
  class space    used 7714K, committed 8448K, reserved 1048576K
}
Event: 408.955 GC heap before
{Heap before GC invocations=1671 (full 4):
 PSYoungGen      total 4608K, used 4226K [0x00000000eab00000, 0x00000000eb100000, 0x0000000100000000)
  eden space 3072K, 100% used [0x00000000eab00000,0x00000000eae00000,0x00000000eae00000)
  from space 1536K, 75% used [0x00000000eae00000,0x00000000eaf20990,0x00000000eaf80000)
  to   space 1536K, 0% used [0x00000000eaf80000,0x00000000eaf80000,0x00000000eb100000)
 ParOldGen       total 491520K, used 491195K [0x00000000c0000000, 0x00000000de000000, 0x00000000eab00000)
  object space 491520K, 99% used [0x00000000c0000000,0x00000000ddfaed60,0x00000000de000000)
 Metaspace       used 77423K, committed 79104K, reserved 1179648K
  class space    used 7714K, committed 8448K, reserved 1048576K
}
Event: 408.957 GC heap after
{Heap after GC invocations=1671 (full 4):
 PSYoungGen      total 5120K, used 368K [0x00000000eab00000, 0x00000000eb100000, 0x0000000100000000)
  eden space 3584K, 0% used [0x00000000eab00000,0x00000000eab00000,0x00000000eae80000)
  from space 1536K, 23% used [0x00000000eaf80000,0x00000000eafdc010,0x00000000eb100000)
  to   space 1024K, 0% used [0x00000000eae80000,0x00000000eae80000,0x00000000eaf80000)
 ParOldGen       total 492544K, used 492283K [0x00000000c0000000, 0x00000000de100000, 0x00000000eab00000)
  object space 492544K, 99% used [0x00000000c0000000,0x00000000de0beed0,0x00000000de100000)
 Metaspace       used 77423K, committed 79104K, reserved 1179648K
  class space    used 7714K, committed 8448K, reserved 1048576K
}
Event: 408.976 GC heap before
{Heap before GC invocations=1672 (full 4):
 PSYoungGen      total 5120K, used 3952K [0x00000000eab00000, 0x00000000eb100000, 0x0000000100000000)
  eden space 3584K, 100% used [0x00000000eab00000,0x00000000eae80000,0x00000000eae80000)
  from space 1536K, 23% used [0x00000000eaf80000,0x00000000eafdc010,0x00000000eb100000)
  to   space 1024K, 0% used [0x00000000eae80000,0x00000000eae80000,0x00000000eaf80000)
 ParOldGen       total 492544K, used 492283K [0x00000000c0000000, 0x00000000de100000, 0x00000000eab00000)
  object space 492544K, 99% used [0x00000000c0000000,0x00000000de0beed0,0x00000000de100000)
 Metaspace       used 77425K, committed 79104K, reserved 1179648K
  class space    used 7714K, committed 8448K, reserved 1048576K
}
Event: 408.978 GC heap after
{Heap after GC invocations=1672 (full 4):
 PSYoungGen      total 4608K, used 628K [0x00000000eab00000, 0x00000000eb180000, 0x0000000100000000)
  eden space 3584K, 0% used [0x00000000eab00000,0x00000000eab00000,0x00000000eae80000)
  from space 1024K, 61% used [0x00000000eae80000,0x00000000eaf1d200,0x00000000eaf80000)
  to   space 1024K, 0% used [0x00000000eb080000,0x00000000eb080000,0x00000000eb180000)
 ParOldGen       total 493056K, used 492579K [0x00000000c0000000, 0x00000000de180000, 0x00000000eab00000)
  object space 493056K, 99% used [0x00000000c0000000,0x00000000de108f10,0x00000000de180000)
 Metaspace       used 77425K, committed 79104K, reserved 1179648K
  class space    used 7714K, committed 8448K, reserved 1048576K
}
Event: 408.985 GC heap before
{Heap before GC invocations=1673 (full 4):
 PSYoungGen      total 4608K, used 4212K [0x00000000eab00000, 0x00000000eb180000, 0x0000000100000000)
  eden space 3584K, 100% used [0x00000000eab00000,0x00000000eae80000,0x00000000eae80000)
  from space 1024K, 61% used [0x00000000eae80000,0x00000000eaf1d200,0x00000000eaf80000)
  to   space 1024K, 0% used [0x00000000eb080000,0x00000000eb080000,0x00000000eb180000)
 ParOldGen       total 493056K, used 492579K [0x00000000c0000000, 0x00000000de180000, 0x00000000eab00000)
  object space 493056K, 99% used [0x00000000c0000000,0x00000000de108f10,0x00000000de180000)
 Metaspace       used 77425K, committed 79104K, reserved 1179648K
  class space    used 7714K, committed 8448K, reserved 1048576K
}
Event: 408.988 GC heap after
{Heap after GC invocations=1673 (full 4):
 PSYoungGen      total 5120K, used 352K [0x00000000eab00000, 0x00000000eb100000, 0x0000000100000000)
  eden space 4608K, 0% used [0x00000000eab00000,0x00000000eab00000,0x00000000eaf80000)
  from space 512K, 68% used [0x00000000eb080000,0x00000000eb0d8000,0x00000000eb100000)
  to   space 512K, 0% used [0x00000000eb000000,0x00000000eb000000,0x00000000eb080000)
 ParOldGen       total 493568K, used 493159K [0x00000000c0000000, 0x00000000de200000, 0x00000000eab00000)
  object space 493568K, 99% used [0x00000000c0000000,0x00000000de199d00,0x00000000de200000)
 Metaspace       used 77425K, committed 79104K, reserved 1179648K
  class space    used 7714K, committed 8448K, reserved 1048576K
}
Event: 412.143 GC heap before
{Heap before GC invocations=1674 (full 4):
 PSYoungGen      total 5120K, used 4960K [0x00000000eab00000, 0x00000000eb100000, 0x0000000100000000)
  eden space 4608K, 100% used [0x00000000eab00000,0x00000000eaf80000,0x00000000eaf80000)
  from space 512K, 68% used [0x00000000eb080000,0x00000000eb0d8000,0x00000000eb100000)
  to   space 512K, 0% used [0x00000000eb000000,0x00000000eb000000,0x00000000eb080000)
 ParOldGen       total 493568K, used 493159K [0x00000000c0000000, 0x00000000de200000, 0x00000000eab00000)
  object space 493568K, 99% used [0x00000000c0000000,0x00000000de199d00,0x00000000de200000)
 Metaspace       used 77437K, committed 79104K, reserved 1179648K
  class space    used 7714K, committed 8448K, reserved 1048576K
}
Event: 412.145 GC heap after
{Heap after GC invocations=1674 (full 4):
 PSYoungGen      total 5120K, used 384K [0x00000000eab00000, 0x00000000eb100000, 0x0000000100000000)
  eden space 4608K, 0% used [0x00000000eab00000,0x00000000eab00000,0x00000000eaf80000)
  from space 512K, 75% used [0x00000000eb000000,0x00000000eb060020,0x00000000eb080000)
  to   space 512K, 0% used [0x00000000eb080000,0x00000000eb080000,0x00000000eb100000)
 ParOldGen       total 493568K, used 493479K [0x00000000c0000000, 0x00000000de200000, 0x00000000eab00000)
  object space 493568K, 99% used [0x00000000c0000000,0x00000000de1e9d20,0x00000000de200000)
 Metaspace       used 77437K, committed 79104K, reserved 1179648K
  class space    used 7714K, committed 8448K, reserved 1048576K
}

